Following 1 plugins could not be created: plugins/fullLine/lib/modules/intellij.fullLine.yaml.jar
> Task :checkKotlinGradlePluginConfigurationErrors SKIPPED
> Task :initializeIntellijPlatformPlugin
> Task :patchPluginXml UP-TO-DATE
> Task :processResources UP-TO-DATE
> Task :generateManifest UP-TO-DATE
> Task :processTestResources
> Task :compileKotlin
> Task :compileJava NO-SOURCE
> Task :classes UP-TO-DATE
> Task :instrumentCode
> Task :jar
> Task :instrumentedJar
> Task :composedJar
> Task :prepareSandbox

> Task :buildSearchableOptions FAILED
[0.005s][warning][cds] Archived non-system classes are disabled because the java.system.class.loader property is specified (value = "com.intellij.util.lang.PathClassLoader"). To use archived non-system classes, this property must not be set
Only one instance of IDEA can be run at a time.

FAILURE: Build failed with an exception.

* What went wrong:
Execution failed for task ':buildSearchableOptions'.
> Process 'command '/home/rute/.gradle/caches/9.2.1/transforms/8f1aabe38a1ae8be8d76365ab215d416/transformed/idea-2025.3/jbr/bin/java'' finished with non-zero exit value 1

* Try:
> Run with --stacktrace option to get the stack trace.
> Run with --info or --debug option to get more log output.
> Run with --scan to generate a Build Scan (powered by Develocity).
> Get more help at https://help.gradle.org.

BUILD FAILED in 9s
12 actionable tasks: 9 executed, 3 up-to-date
