Following 1 plugins could not be created: plugins/fullLine/lib/modules/intellij.fullLine.yaml.jar
> Task :checkKotlinGradlePluginConfigurationErrors SKIPPED
> Task :compileKotlin UP-TO-DATE
> Task :compileJava NO-SOURCE
> Task :initializeIntellijPlatformPlugin
> Task :patchPluginXml UP-TO-DATE
> Task :processResources UP-TO-DATE
> Task :classes UP-TO-DATE
> Task :generateManifest UP-TO-DATE
> Task :instrumentCode UP-TO-DATE
> Task :jar UP-TO-DATE
> Task :processTestResources UP-TO-DATE
> Task :koverFindJar UP-TO-DATE
> Task :instrumentedJar UP-TO-DATE
> Task :composedJar UP-TO-DATE
> Task :prepareTestSandbox UP-TO-DATE
> Task :prepareTest

> Task :compileTestKotlin FAILED
e: file:///home/rute/projgit/opencode-jb/src/test/kotlin/com/opencode/actions/ListSessionsActionTest.kt:9:27 Unresolved reference 'SessionSummary'.
e: file:///home/rute/projgit/opencode-jb/src/test/kotlin/com/opencode/actions/ListSessionsActionTest.kt:122:27 Unresolved reference 'SessionSummary'.

FAILURE: Build failed with an exception.

* What went wrong:
Execution failed for task ':compileTestKotlin'.
> A failure occurred while executing org.jetbrains.kotlin.compilerRunner.GradleCompilerRunnerWithWorkers$GradleKotlinCompilerWorkAction
   > Compilation error. See log for more details

* Try:
> Run with --stacktrace option to get the stack trace.
> Run with --info or --debug option to get more log output.
> Run with --scan to generate a Build Scan (powered by Develocity).
> Get more help at https://help.gradle.org.

BUILD FAILED in 4s
13 actionable tasks: 2 executed, 11 up-to-date
